C:\USERS\MOHAMED\DOCUMENTS\VISUAL STUDIO 2012\PROJECTS\CHESS\CHESS\DEBUG\CHESSBOARD.OBJ
C:\USERS\MOHAMED\DOCUMENTS\VISUAL STUDIO 2012\PROJECTS\CHESS\CHESS\DEBUG\CHESSPIECE.OBJ
C:\USERS\MOHAMED\DOCUMENTS\VISUAL STUDIO 2012\PROJECTS\CHESS\CHESS\DEBUG\SOURCE.OBJ
C:\USERS\MOHAMED\DOCUMENTS\VISUAL STUDIO 2012\PROJECTS\CHESS\CHESS\DEBUG\VC110.PDB
C:\USERS\MOHAMED\DOCUMENTS\VISUAL STUDIO 2012\PROJECTS\CHESS\CHESS\DEBUG\BISHOP.OBJ
C:\USERS\MOHAMED\DOCUMENTS\VISUAL STUDIO 2012\PROJECTS\CHESS\CHESS\DEBUG\KING.OBJ
C:\USERS\MOHAMED\DOCUMENTS\VISUAL STUDIO 2012\PROJECTS\CHESS\CHESS\DEBUG\KNIGHT.OBJ
C:\USERS\MOHAMED\DOCUMENTS\VISUAL STUDIO 2012\PROJECTS\CHESS\CHESS\DEBUG\PAWN.OBJ
C:\USERS\MOHAMED\DOCUMENTS\VISUAL STUDIO 2012\PROJECTS\CHESS\CHESS\DEBUG\QUEEN.OBJ
C:\USERS\MOHAMED\DOCUMENTS\VISUAL STUDIO 2012\PROJECTS\CHESS\CHESS\DEBUG\ROOK.OBJ
C:\Users\Mohamed\Documents\Visual Studio 2012\Projects\Chess\Chess\Debug\Bishop.obj
C:\Users\Mohamed\Documents\Visual Studio 2012\Projects\Chess\Chess\Debug\ChessBoard.obj
C:\Users\Mohamed\Documents\Visual Studio 2012\Projects\Chess\Chess\Debug\ChessPiece.obj
C:\Users\Mohamed\Documents\Visual Studio 2012\Projects\Chess\Chess\Debug\King.obj
C:\Users\Mohamed\Documents\Visual Studio 2012\Projects\Chess\Chess\Debug\Knight.obj
C:\Users\Mohamed\Documents\Visual Studio 2012\Projects\Chess\Chess\Debug\Pawn.obj
C:\Users\Mohamed\Documents\Visual Studio 2012\Projects\Chess\Chess\Debug\Queen.obj
C:\Users\Mohamed\Documents\Visual Studio 2012\Projects\Chess\Chess\Debug\Rook.obj
C:\Users\Mohamed\Documents\Visual Studio 2012\Projects\Chess\Chess\Debug\Source.obj
C:\Users\Mohamed\Documents\Visual Studio 2012\Projects\Chess\Chess\Debug\cl.command.1.tlog
C:\Users\Mohamed\Documents\Visual Studio 2012\Projects\Chess\Chess\Debug\CL.read.1.tlog
C:\Users\Mohamed\Documents\Visual Studio 2012\Projects\Chess\Chess\Debug\CL.write.1.tlog
C:\Users\Mohamed\Documents\Visual Studio 2012\Projects\Chess\Chess\Debug\link-cvtres.read.1.tlog
C:\Users\Mohamed\Documents\Visual Studio 2012\Projects\Chess\Chess\Debug\link-cvtres.write.1.tlog
C:\Users\Mohamed\Documents\Visual Studio 2012\Projects\Chess\Chess\Debug\link-rc.read.1.tlog
C:\Users\Mohamed\Documents\Visual Studio 2012\Projects\Chess\Chess\Debug\link-rc.write.1.tlog
C:\Users\Mohamed\Documents\Visual Studio 2012\Projects\Chess\Chess\Debug\link.1528-cvtres.read.1.tlog
C:\Users\Mohamed\Documents\Visual Studio 2012\Projects\Chess\Chess\Debug\link.1528-cvtres.write.1.tlog
C:\Users\Mohamed\Documents\Visual Studio 2012\Projects\Chess\Chess\Debug\link.1528-rc.read.1.tlog
C:\Users\Mohamed\Documents\Visual Studio 2012\Projects\Chess\Chess\Debug\link.1528-rc.write.1.tlog
C:\Users\Mohamed\Documents\Visual Studio 2012\Projects\Chess\Chess\Debug\link.1528.read.1.tlog
C:\Users\Mohamed\Documents\Visual Studio 2012\Projects\Chess\Chess\Debug\link.1528.write.1.tlog
C:\Users\Mohamed\Documents\Visual Studio 2012\Projects\Chess\Chess\Debug\link.2448-cvtres.read.1.tlog
C:\Users\Mohamed\Documents\Visual Studio 2012\Projects\Chess\Chess\Debug\link.2448-cvtres.write.1.tlog
C:\Users\Mohamed\Documents\Visual Studio 2012\Projects\Chess\Chess\Debug\link.2448-rc.read.1.tlog
C:\Users\Mohamed\Documents\Visual Studio 2012\Projects\Chess\Chess\Debug\link.2448-rc.write.1.tlog
C:\Users\Mohamed\Documents\Visual Studio 2012\Projects\Chess\Chess\Debug\link.2448.read.1.tlog
C:\Users\Mohamed\Documents\Visual Studio 2012\Projects\Chess\Chess\Debug\link.2448.write.1.tlog
C:\Users\Mohamed\Documents\Visual Studio 2012\Projects\Chess\Chess\Debug\link.2540-cvtres.read.1.tlog
C:\Users\Mohamed\Documents\Visual Studio 2012\Projects\Chess\Chess\Debug\link.2540-cvtres.write.1.tlog
C:\Users\Mohamed\Documents\Visual Studio 2012\Projects\Chess\Chess\Debug\link.2540-rc.read.1.tlog
C:\Users\Mohamed\Documents\Visual Studio 2012\Projects\Chess\Chess\Debug\link.2540-rc.write.1.tlog
C:\Users\Mohamed\Documents\Visual Studio 2012\Projects\Chess\Chess\Debug\link.2540.read.1.tlog
C:\Users\Mohamed\Documents\Visual Studio 2012\Projects\Chess\Chess\Debug\link.2540.write.1.tlog
C:\Users\Mohamed\Documents\Visual Studio 2012\Projects\Chess\Chess\Debug\link.3788-cvtres.read.1.tlog
C:\Users\Mohamed\Documents\Visual Studio 2012\Projects\Chess\Chess\Debug\link.3788-cvtres.write.1.tlog
C:\Users\Mohamed\Documents\Visual Studio 2012\Projects\Chess\Chess\Debug\link.3788-rc.read.1.tlog
C:\Users\Mohamed\Documents\Visual Studio 2012\Projects\Chess\Chess\Debug\link.3788-rc.write.1.tlog
C:\Users\Mohamed\Documents\Visual Studio 2012\Projects\Chess\Chess\Debug\link.3788.read.1.tlog
C:\Users\Mohamed\Documents\Visual Studio 2012\Projects\Chess\Chess\Debug\link.3788.write.1.tlog
C:\Users\Mohamed\Documents\Visual Studio 2012\Projects\Chess\Chess\Debug\link.4004-cvtres.read.1.tlog
C:\Users\Mohamed\Documents\Visual Studio 2012\Projects\Chess\Chess\Debug\link.4004-cvtres.write.1.tlog
C:\Users\Mohamed\Documents\Visual Studio 2012\Projects\Chess\Chess\Debug\link.4004-rc.read.1.tlog
C:\Users\Mohamed\Documents\Visual Studio 2012\Projects\Chess\Chess\Debug\link.4004-rc.write.1.tlog
C:\Users\Mohamed\Documents\Visual Studio 2012\Projects\Chess\Chess\Debug\link.4004.read.1.tlog
C:\Users\Mohamed\Documents\Visual Studio 2012\Projects\Chess\Chess\Debug\link.4004.write.1.tlog
C:\Users\Mohamed\Documents\Visual Studio 2012\Projects\Chess\Chess\Debug\link.4480-cvtres.read.1.tlog
C:\Users\Mohamed\Documents\Visual Studio 2012\Projects\Chess\Chess\Debug\link.4480-cvtres.write.1.tlog
C:\Users\Mohamed\Documents\Visual Studio 2012\Projects\Chess\Chess\Debug\link.4480-rc.read.1.tlog
C:\Users\Mohamed\Documents\Visual Studio 2012\Projects\Chess\Chess\Debug\link.4480-rc.write.1.tlog
C:\Users\Mohamed\Documents\Visual Studio 2012\Projects\Chess\Chess\Debug\link.4480.read.1.tlog
C:\Users\Mohamed\Documents\Visual Studio 2012\Projects\Chess\Chess\Debug\link.4480.write.1.tlog
C:\Users\Mohamed\Documents\Visual Studio 2012\Projects\Chess\Chess\Debug\link.6200-cvtres.read.1.tlog
C:\Users\Mohamed\Documents\Visual Studio 2012\Projects\Chess\Chess\Debug\link.6200-cvtres.write.1.tlog
C:\Users\Mohamed\Documents\Visual Studio 2012\Projects\Chess\Chess\Debug\link.6200-rc.read.1.tlog
C:\Users\Mohamed\Documents\Visual Studio 2012\Projects\Chess\Chess\Debug\link.6200-rc.write.1.tlog
C:\Users\Mohamed\Documents\Visual Studio 2012\Projects\Chess\Chess\Debug\link.6200.read.1.tlog
C:\Users\Mohamed\Documents\Visual Studio 2012\Projects\Chess\Chess\Debug\link.6200.write.1.tlog
C:\Users\Mohamed\Documents\Visual Studio 2012\Projects\Chess\Chess\Debug\link.7656-cvtres.read.1.tlog
C:\Users\Mohamed\Documents\Visual Studio 2012\Projects\Chess\Chess\Debug\link.7656-cvtres.write.1.tlog
C:\Users\Mohamed\Documents\Visual Studio 2012\Projects\Chess\Chess\Debug\link.7656-rc.read.1.tlog
C:\Users\Mohamed\Documents\Visual Studio 2012\Projects\Chess\Chess\Debug\link.7656-rc.write.1.tlog
C:\Users\Mohamed\Documents\Visual Studio 2012\Projects\Chess\Chess\Debug\link.7656.read.1.tlog
C:\Users\Mohamed\Documents\Visual Studio 2012\Projects\Chess\Chess\Debug\link.7656.write.1.tlog
C:\Users\Mohamed\Documents\Visual Studio 2012\Projects\Chess\Chess\Debug\link.7952-cvtres.read.1.tlog
C:\Users\Mohamed\Documents\Visual Studio 2012\Projects\Chess\Chess\Debug\link.7952-cvtres.write.1.tlog
C:\Users\Mohamed\Documents\Visual Studio 2012\Projects\Chess\Chess\Debug\link.7952-rc.read.1.tlog
C:\Users\Mohamed\Documents\Visual Studio 2012\Projects\Chess\Chess\Debug\link.7952-rc.write.1.tlog
C:\Users\Mohamed\Documents\Visual Studio 2012\Projects\Chess\Chess\Debug\link.7952.read.1.tlog
C:\Users\Mohamed\Documents\Visual Studio 2012\Projects\Chess\Chess\Debug\link.7952.write.1.tlog
C:\Users\Mohamed\Documents\Visual Studio 2012\Projects\Chess\Chess\Debug\link.8712-cvtres.read.1.tlog
C:\Users\Mohamed\Documents\Visual Studio 2012\Projects\Chess\Chess\Debug\link.8712-cvtres.write.1.tlog
C:\Users\Mohamed\Documents\Visual Studio 2012\Projects\Chess\Chess\Debug\link.8712-rc.read.1.tlog
C:\Users\Mohamed\Documents\Visual Studio 2012\Projects\Chess\Chess\Debug\link.8712-rc.write.1.tlog
C:\Users\Mohamed\Documents\Visual Studio 2012\Projects\Chess\Chess\Debug\link.8712.read.1.tlog
C:\Users\Mohamed\Documents\Visual Studio 2012\Projects\Chess\Chess\Debug\link.8712.write.1.tlog
C:\Users\Mohamed\Documents\Visual Studio 2012\Projects\Chess\Chess\Debug\link.command.1.tlog
C:\Users\Mohamed\Documents\Visual Studio 2012\Projects\Chess\Chess\Debug\link.read.1.tlog
C:\Users\Mohamed\Documents\Visual Studio 2012\Projects\Chess\Chess\Debug\link.write.1.tlog
C:\Users\Mohamed\Documents\Visual Studio 2012\Projects\Chess\Chess\Debug\vc110.idb
C:\Users\Mohamed\Documents\Visual Studio 2012\Projects\Chess\Chess\Debug\vc110.pdb
C:\Users\Mohamed\Documents\Visual Studio 2012\Projects\Chess\Debug\Chess.pdb
