Build started 7/22/2014 12:08:33 PM.
     1>Project "C:\Users\Mohamed\Documents\Visual Studio 2012\Projects\Chess\Chess\Chess.vcxproj" on node 2 (Build target(s)).
     1>InitializeBuildStatus:
         Creating "Release\Chess.unsuccessfulbuild" because "AlwaysCreate" was specified.
       ClCompile:
         C:\Program Files (x86)\Microsoft Visual Studio 11.0\VC\bin\CL.exe /c /Zi /nologo /W3 /WX- /O2 /Oi /Oy- /GL /D WIN32 /D NDEBUG /D _CONSOLE /D _UNICODE /D UNICODE /Gm- /EHsc /MD /GS /Gy /fp:precise /Zc:wchar_t /Zc:forScope /Fo"Release\\" /Fd"Release\vc110.pdb" /Gd /TP /analyze- /errorReport:prompt Source.cpp
         Source.cpp
     1>c:\users\mohamed\documents\visual studio 2012\projects\chess\chess\ChessGame.h(39): warning C4018: '<' : signed/unsigned mismatch
     1>c:\users\mohamed\documents\visual studio 2012\projects\chess\chess\ChessGame.h(50): warning C4244: 'argument' : conversion from 'int' to 'float', possible loss of data
     1>c:\users\mohamed\documents\visual studio 2012\projects\chess\chess\ChessGame.h(56): warning C4018: '<' : signed/unsigned mismatch
     1>c:\users\mohamed\documents\visual studio 2012\projects\chess\chess\ChessGame.h(68): warning C4244: 'argument' : conversion from 'int' to 'float', possible loss of data
     1>c:\users\mohamed\documents\visual studio 2012\projects\chess\chess\ChessGame.h(168): warning C4018: '<' : signed/unsigned mismatch
     1>c:\users\mohamed\documents\visual studio 2012\projects\chess\chess\ChessGame.h(183): warning C4018: '<' : signed/unsigned mismatch
       Link:
         C:\Program Files (x86)\Microsoft Visual Studio 11.0\VC\bin\link.exe /ERRORREPORT:PROMPT /OUT:"C:\Users\Mohamed\Documents\Visual Studio 2012\Projects\Chess\Release\Chess.exe" /INCREMENTAL:NO /NOLOGO "sfml-audio.lib" "sfml-graphics.lib" "sfml-main.lib" "sfml-network.lib" "sfml-system.lib" "sfml-window.lib" kernel32.lib user32.lib gdi32.lib winspool.lib comdlg32.lib advapi32.lib shell32.lib ole32.lib oleaut32.lib uuid.lib odbc32.lib odbccp32.lib /MANIFEST /MANIFESTUAC:"level='asInvoker' uiAccess='false'" /manifest:embed /DEBUG /PDB:"C:\Users\Mohamed\Documents\Visual Studio 2012\Projects\Chess\Release\Chess.pdb" /SUBSYSTEM:CONSOLE /OPT:REF /OPT:ICF /LTCG /TLBID:1 /DYNAMICBASE /NXCOMPAT /IMPLIB:"C:\Users\Mohamed\Documents\Visual Studio 2012\Projects\Chess\Release\Chess.lib" /MACHINE:X86 /SAFESEH Release\ChessBoard.obj
         Release\ChessPiece.obj
         Release\Source.obj
         Generating code
         Finished generating code
         Chess.vcxproj -> C:\Users\Mohamed\Documents\Visual Studio 2012\Projects\Chess\Release\Chess.exe
       FinalizeBuildStatus:
         Deleting file "Release\Chess.unsuccessfulbuild".
         Touching "Release\Chess.lastbuildstate".
     1>Done Building Project "C:\Users\Mohamed\Documents\Visual Studio 2012\Projects\Chess\Chess\Chess.vcxproj" (Build target(s)).

Build succeeded.

Time Elapsed 00:00:02.26
