C:\USERS\MOHAMED\DOCUMENTS\VISUAL STUDIO 2012\PROJECTS\CHESS\CHESS\RELEASE\SOURCE.OBJ
C:\USERS\MOHAMED\DOCUMENTS\VISUAL STUDIO 2012\PROJECTS\CHESS\CHESS\RELEASE\CHESSPIECE.OBJ
C:\USERS\MOHAMED\DOCUMENTS\VISUAL STUDIO 2012\PROJECTS\CHESS\CHESS\RELEASE\CHESSBOARD.OBJ
C:\USERS\MOHAMED\DOCUMENTS\VISUAL STUDIO 2012\PROJECTS\CHESS\CHESS\RELEASE\VC110.PDB
C:\USERS\MOHAMED\DOCUMENTS\VISUAL STUDIO 2012\PROJECTS\CHESS\RELEASE\CHESS.EXE
C:\USERS\MOHAMED\DOCUMENTS\VISUAL STUDIO 2012\PROJECTS\CHESS\RELEASE\CHESS.PDB
C:\Users\Mohamed\Documents\Visual Studio 2012\Projects\Chess\Chess\Release\ChessBoard.obj
C:\Users\Mohamed\Documents\Visual Studio 2012\Projects\Chess\Chess\Release\ChessPiece.obj
C:\Users\Mohamed\Documents\Visual Studio 2012\Projects\Chess\Chess\Release\Source.obj
C:\Users\Mohamed\Documents\Visual Studio 2012\Projects\Chess\Chess\Release\cl.command.1.tlog
C:\Users\Mohamed\Documents\Visual Studio 2012\Projects\Chess\Chess\Release\CL.read.1.tlog
C:\Users\Mohamed\Documents\Visual Studio 2012\Projects\Chess\Chess\Release\CL.write.1.tlog
C:\Users\Mohamed\Documents\Visual Studio 2012\Projects\Chess\Chess\Release\link-cvtres.read.1.tlog
C:\Users\Mohamed\Documents\Visual Studio 2012\Projects\Chess\Chess\Release\link-cvtres.write.1.tlog
C:\Users\Mohamed\Documents\Visual Studio 2012\Projects\Chess\Chess\Release\link-rc.read.1.tlog
C:\Users\Mohamed\Documents\Visual Studio 2012\Projects\Chess\Chess\Release\link-rc.write.1.tlog
C:\Users\Mohamed\Documents\Visual Studio 2012\Projects\Chess\Chess\Release\link.command.1.tlog
C:\Users\Mohamed\Documents\Visual Studio 2012\Projects\Chess\Chess\Release\link.read.1.tlog
C:\Users\Mohamed\Documents\Visual Studio 2012\Projects\Chess\Chess\Release\link.write.1.tlog
C:\Users\Mohamed\Documents\Visual Studio 2012\Projects\Chess\Chess\Release\vc110.pdb
C:\Users\Mohamed\Documents\Visual Studio 2012\Projects\Chess\Release\Chess.pdb
C:\Users\Mohamed\Documents\Visual Studio 2012\Projects\Chess\Release\Chess.exe
